<?xml version="1.0" encoding="UTF-8"?>
<testsuite xmlns:xsi="http://www.w3.org/2001/XMLSchema-instance" xsi:noNamespaceSchemaLocation="https://maven.apache.org/surefire/maven-surefire-plugin/xsd/surefire-test-report-3.0.xsd" version="3.0" name="fr.univavignon.pokedex.api.IPokedexTest" time="0.259" tests="7" errors="0" skipped="0" failures="0">
  <properties>
[...]
</properties>
  <testcase name="testSize" classname="fr.univavignon.pokedex.api.IPokedexTest" time="0.202"/>
  <testcase name="testCreatePokemon" classname="fr.univavignon.pokedex.api.IPokedexTest" time="0.011"/>
  <testcase name="testGetPokemon" classname="fr.univavignon.pokedex.api.IPokedexTest" time="0.006"/>
  <testcase name="testGetPokemonsWithOrder" classname="fr.univavignon.pokedex.api.IPokedexTest" time="0.014"/>
  <testcase name="testAddPokemon" classname="fr.univavignon.pokedex.api.IPokedexTest" time="0.006"/>
  <testcase name="testGetPokemonMetadata" classname="fr.univavignon.pokedex.api.IPokedexTest" time="0.007"/>
  <testcase name="testGetPokemons" classname="fr.univavignon.pokedex.api.IPokedexTest" time="0.004"/>
</testsuite>